<?xml version="1.0" encoding="UTF-8"?>
<!-- Generated by org.testng.reporters.JUnitReportReporter -->
<testsuite hostname="WSAMZN-BK8QRMDL" failures="0" tests="1" name="org.testngkeyword.com.driverexec" time="10.665" errors="0" timestamp="2022-12-14T06:20:54 CAT" skipped="0">
  <testcase classname="org.testngkeyword.com.driverexec" name="mainmethod" time="10.665"/>
  <system-out/>
</testsuite> <!-- org.testngkeyword.com.driverexec -->
